<?xml version="1.0" encoding="UTF-8"?>
<testsuite xmlns:xsi="http://www.w3.org/2001/XMLSchema-instance" xsi:noNamespaceSchemaLocation="https://maven.apache.org/surefire/maven-surefire-plugin/xsd/surefire-test-report.xsd" name="runner_file.TestRunner" time="473.057" tests="8" errors="0" skipped="0" failures="2">
  <properties>
[...]
</properties>
  <testcase name="Create PO - TC01(Crest Release - 3.4 - TC01 - Local Purchase Order (for Stock Items ) - Purchase Order with Single level approval , GST " classname=" Intra ), Single Shipment, Supplier Invoice &amp; Single Payment" time="83.04"/>
  <testcase name="PO Approval - TC01(Crest Release - 3.4 - TC01 - Local Purchase Order (for Stock Items ) - Purchase Order with Single level approval , GST " classname=" Intra ), Single Shipment, Supplier Invoice &amp; Single Payment" time="33.637"/>
  <testcase name="Receive Inventory - TC01(Crest Release - 3.4 - TC01 - Local Purchase Order (for Stock Items ) - Purchase Order with Single level approval , GST " classname=" Intra ), Single Shipment, Supplier Invoice &amp; Single Payment" time="55.565"/>
  <testcase name="Invoice Posting - TC01(Crest Release - 3.4 - TC01 - Local Purchase Order (for Stock Items ) - Purchase Order with Single level approval , GST " classname=" Intra ), Single Shipment, Supplier Invoice &amp; Single Payment" time="44.483">
    <failure message="&#10;The following assertion failed:&#10;1) expected:&lt;&quot;₹660114.8[9]&quot;&gt; but was:&lt;&quot;₹660114.8[7]&quot;&gt;&#10;" type="org.assertj.core.api.SoftAssertionError"><![CDATA[org.assertj.core.api.SoftAssertionError: 

The following assertion failed:
1) expected:<"₹660114.8[9]"> but was:<"₹660114.8[7]">

]]></failure>
    <system-out><![CDATA[
@TC01-04
Scenario: Invoice Posting - TC01                                                  # src/test/resources/Procurement_flow_feature_files/TC01.feature:29
Initializing Driver
https://crestqa.crest-erp.com:8443/crest/login/control/main
  Given Launch the Application                                                    # stepdefinition_files.Crest_Login_Stepdef.launch_the_Application()
  Then Login with valid Credentials                                               # stepdefinition_files.Crest_Login_Stepdef.login_with_valid_Credentials()
Nagarjuna Fertilizers [11680]
PO Invoice ID's Posted Successfully
9
PI Sub Total validated Successfully
9
00001 - 17041
00002 - 17041
00003 - 17041
00004 - 17041
00005 - 17041
Sub Total (Item base Price)
Shipping Charges
Tax Amount (Consolidated)
PI Tax Amt validated Successfully
Grand Total
9
PI Grand Total validated Successfully
Tax Breakup Table Validated Successfully
  Given Invoice Posting (Single Invoice) - TC_One                                 # stepdefinition_files.TC01_Stepdef.invoice_Posting_Single_Invoice_TC_One()
  Then Validating SubTotal/Tax/GrandTotal for all the Generated Invoices - TC_One # stepdefinition_files.TC01_Stepdef.validating_SubTotal_Tax_GrandTotal_for_all_the_Generated_Invoices_TC_One()
      org.assertj.core.api.SoftAssertionError: 
The following assertion failed:
1) expected:<"â‚¹660114.8[9]"> but was:<"â‚¹660114.8[7]">

	at org.assertj.core.error.AssertionErrorCreator.multipleSoftAssertionsError(AssertionErrorCreator.java:100)
	at org.assertj.core.api.AbstractSoftAssertions.assertAll(AbstractSoftAssertions.java:37)
	at org.assertj.core.api.AbstractSoftAssertions.assertAll(AbstractSoftAssertions.java:42)
	at com.AccountsPayable_Modules.AP_PurchaseInvoices_Overview.PI_View_softAssert(AP_PurchaseInvoices_Overview.java:598)
	at stepdefinition_files.TC01_Stepdef.validating_SubTotal_Tax_GrandTotal_for_all_the_Generated_Invoices_TC_One(TC01_Stepdef.java:96)
	at âœ½.Validating SubTotal/Tax/GrandTotal for all the Generated Invoices - TC_One(file:///D:/Projects/Cucumber_POM_CREST_ERP/src/test/resources/Procurement_flow_feature_files/TC01.feature:32)


    Embedding Invoice_Posting_-_TC01 [image/png 52571 bytes]

]]></system-out>
    <system-err><![CDATA[Starting ChromeDriver 91.0.4472.19 (1bf021f248676a0b2ab3ee0561d83a59e424c23e-refs/branch-heads/4472@{#288}) on port 3176
Only local connections are allowed.
Please see https://chromedriver.chromium.org/security-considerations for suggestions on keeping ChromeDriver safe.
ChromeDriver was started successfully.
Jul 13, 2021 7:02:26 PM org.openqa.selenium.remote.ProtocolHandshake createSession
INFO: Detected dialect: W3C
]]></system-err>
  </testcase>
  <testcase name="Payments - TC01(Crest Release - 3.4 - TC01 - Local Purchase Order (for Stock Items ) - Purchase Order with Single level approval , GST " classname=" Intra ), Single Shipment, Supplier Invoice &amp; Single Payment" time="95.97"/>
  <testcase name="Transactions Validations under Finance Module with Shipment ID- TC01(Crest Release - 3.4 - TC01 - Local Purchase Order (for Stock Items ) - Purchase Order with Single level approval , GST " classname=" Intra ), Single Shipment, Supplier Invoice &amp; Single Payment" time="80.504"/>
  <testcase name="Transactions Validations under Finance Module with Invoice ID- TC01(Crest Release - 3.4 - TC01 - Local Purchase Order (for Stock Items ) - Purchase Order with Single level approval , GST " classname=" Intra ), Single Shipment, Supplier Invoice &amp; Single Payment" time="32.165"/>
  <testcase name="Transactions Validations under Finance Module with Payment ID- TC01(Crest Release - 3.4 - TC01 - Local Purchase Order (for Stock Items ) - Purchase Order with Single level approval , GST " classname=" Intra ), Single Shipment, Supplier Invoice &amp; Single Payment" time="42.954">
    <failure message="&#10;The following 2 assertions failed:&#10;1) expected:&lt;&quot;₹660114.8[9]&quot;&gt; but was:&lt;&quot;₹660114.8[7]&quot;&gt;&#10;2) expected:&lt;&quot;₹660114.8[9]&quot;&gt; but was:&lt;&quot;₹660114.8[7]&quot;&gt;&#10;" type="org.assertj.core.api.SoftAssertionError"><![CDATA[org.assertj.core.api.SoftAssertionError: 

The following 2 assertions failed:
1) expected:<"₹660114.8[9]"> but was:<"₹660114.8[7]">
2) expected:<"₹660114.8[9]"> but was:<"₹660114.8[7]">

]]></failure>
    <system-out><![CDATA[
@TC01-08
Scenario: Transactions Validations under Finance Module with Payment ID- TC01         # src/test/resources/Procurement_flow_feature_files/TC01.feature:50
Initializing Driver
https://crestqa.crest-erp.com:8443/crest/login/control/main
  Given Launch the Application                                                        # stepdefinition_files.Crest_Login_Stepdef.launch_the_Application()
  Then Login with valid Credentials                                                   # stepdefinition_files.Crest_Login_Stepdef.login_with_valid_Credentials()
4
NERI LIGHTING INDIA PVT. LTD. Accounting
Paulsons Group of Companies Accounting
UIDAI Accounting
2
1st line value ?660114.87
2nd line value ?660114.87
  Given Validate Accounting transactions with PaymentID under Finance Module - TC_One # stepdefinition_files.TC01_Stepdef.validate_Accounting_transactions_with_PaymentID_under_Finance_Module_TC_One()
      org.assertj.core.api.SoftAssertionError: 
The following 2 assertions failed:
1) expected:<"â‚¹660114.8[9]"> but was:<"â‚¹660114.8[7]">
2) expected:<"â‚¹660114.8[9]"> but was:<"â‚¹660114.8[7]">

	at org.assertj.core.error.AssertionErrorCreator.multipleSoftAssertionsError(AssertionErrorCreator.java:100)
	at org.assertj.core.api.AbstractSoftAssertions.assertAll(AbstractSoftAssertions.java:37)
	at org.assertj.core.api.AbstractSoftAssertions.assertAll(AbstractSoftAssertions.java:42)
	at com.Financials_Modules.Financials_AcctTransaction_GLTransactionViewEntry.AcctTrans_PaymentID_softAssert(Financials_AcctTransaction_GLTransactionViewEntry.java:450)
	at stepdefinition_files.TC01_Stepdef.validate_Accounting_transactions_with_PaymentID_under_Finance_Module_TC_One(TC01_Stepdef.java:133)
	at âœ½.Validate Accounting transactions with PaymentID under Finance Module - TC_One(file:///D:/Projects/Cucumber_POM_CREST_ERP/src/test/resources/Procurement_flow_feature_files/TC01.feature:52)


    Embedding Transactions_Validations_under_Finance_Module_with_Payment_ID-_TC01 [image/png 49928 bytes]

]]></system-out>
    <system-err><![CDATA[Starting ChromeDriver 91.0.4472.19 (1bf021f248676a0b2ab3ee0561d83a59e424c23e-refs/branch-heads/4472@{#288}) on port 38963
Only local connections are allowed.
Please see https://chromedriver.chromium.org/security-considerations for suggestions on keeping ChromeDriver safe.
ChromeDriver was started successfully.
Jul 13, 2021 7:06:39 PM org.openqa.selenium.remote.ProtocolHandshake createSession
INFO: Detected dialect: W3C
]]></system-err>
  </testcase>
</testsuite>